# JRE version: OpenJDK Runtime Environment (21.0.10) (build 21.0.10+-14961533-b1163.108)
# Java VM: OpenJDK 64-Bit Server VM (21.0.10+-14961533-b1163.108, mixed mode, tiered, compressed oops, compressed class ptrs, g1 gc, windows-amd64)
GC Precious Log:
 CardTable entry size: 512
 Card Set container configuration: InlinePtr #cards 4 size 8 Array Of Cards #cards 16 size 48 Howl #buckets 8 coarsen threshold 3686 Howl Bitmap #cards 512 size 80 coarsen threshold 460 Card regions per heap region 1 cards per card region 4096
 CPUs: 12 total, 12 available
 Memory: 7883M
 Large Page Support: Disabled
 NUMA Support: Disabled
 Compressed Oops: Enabled (Zero based)
 Heap Region Size: 2M
 Heap Min Capacity: 8M
 Heap Initial Capacity: 124M
 Heap Max Capacity: 4G
 Pre-touch: Disabled
 Parallel Workers: 10
 Concurrent Workers: 3
 Concurrent Refinement Workers: 10
 Periodic GC: Disabled
Heap:
 garbage-first heap   total 438272K, used 401408K [0x0000000700000000, 0x0000000800000000)
  region size 2048K, 96 young (196608K), 7 survivors (14336K)
 Metaspace       used 216336K, committed 218944K, reserved 622592K
  class space    used 28357K, committed 29568K, reserved 425984K
GC Heap History (20 events):
Event: 16.256 GC heap before
{Heap before GC invocations=50 (full 0):
 garbage-first heap   total 331776K, used 274726K [0x0000000700000000, 0x0000000800000000)
  region size 2048K, 58 young (118784K), 4 survivors (8192K)
 Metaspace       used 173635K, committed 175936K, reserved 622592K
  class space    used 22768K, committed 23872K, reserved 425984K
}
Event: 16.270 GC heap after
{Heap after GC invocations=51 (full 0):
 garbage-first heap   total 331776K, used 207346K [0x0000000700000000, 0x0000000800000000)
  region size 2048K, 8 young (16384K), 8 survivors (16384K)
 Metaspace       used 173635K, committed 175936K, reserved 622592K
  class space    used 22768K, committed 23872K, reserved 425984K
}
Event: 16.514 GC heap before
{Heap before GC invocations=51 (full 0):
 garbage-first heap   total 331776K, used 279026K [0x0000000700000000, 0x0000000800000000)
  region size 2048K, 43 young (88064K), 8 survivors (16384K)
 Metaspace       used 174000K, committed 176256K, reserved 622592K
  class space    used 22779K, committed 23872K, reserved 425984K
}
Event: 16.526 GC heap after
{Heap after GC invocations=52 (full 0):
 garbage-first heap   total 438272K, used 224204K [0x0000000700000000, 0x0000000800000000)
  region size 2048K, 6 young (12288K), 6 survivors (12288K)
 Metaspace       used 174000K, committed 176256K, reserved 622592K
  class space    used 22779K, committed 23872K, reserved 425984K
}
Event: 17.756 GC heap before
{Heap before GC invocations=53 (full 0):
 garbage-first heap   total 438272K, used 347084K [0x0000000700000000, 0x0000000800000000)
  region size 2048K, 66 young (135168K), 6 survivors (12288K)
 Metaspace       used 179549K, committed 181824K, reserved 622592K
  class space    used 23225K, committed 24320K, reserved 425984K
}
Event: 17.768 GC heap after
{Heap after GC invocations=54 (full 0):
 garbage-first heap   total 438272K, used 251774K [0x0000000700000000, 0x0000000800000000)
  region size 2048K, 9 young (18432K), 9 survivors (18432K)
 Metaspace       used 179549K, committed 181824K, reserved 622592K
  class space    used 23225K, committed 24320K, reserved 425984K
}
Event: 18.552 GC heap before
{Heap before GC invocations=54 (full 0):
 garbage-first heap   total 438272K, used 360318K [0x0000000700000000, 0x0000000800000000)
  region size 2048K, 63 young (129024K), 9 survivors (18432K)
 Metaspace       used 186360K, committed 188736K, reserved 622592K
  class space    used 24361K, committed 25536K, reserved 425984K
}
Event: 18.563 GC heap after
{Heap after GC invocations=55 (full 0):
 garbage-first heap   total 438272K, used 251702K [0x0000000700000000, 0x0000000800000000)
  region size 2048K, 2 young (4096K), 2 survivors (4096K)
 Metaspace       used 186360K, committed 188736K, reserved 622592K
  class space    used 24361K, committed 25536K, reserved 425984K
}
Event: 19.102 GC heap before
{Heap before GC invocations=55 (full 0):
 garbage-first heap   total 438272K, used 319286K [0x0000000700000000, 0x0000000800000000)
  region size 2048K, 36 young (73728K), 2 survivors (4096K)
 Metaspace       used 190464K, committed 192960K, reserved 622592K
  class space    used 24996K, committed 26176K, reserved 425984K
}
Event: 19.106 GC heap after
{Heap after GC invocations=56 (full 0):
 garbage-first heap   total 438272K, used 253614K [0x0000000700000000, 0x0000000800000000)
  region size 2048K, 3 young (6144K), 3 survivors (6144K)
 Metaspace       used 190464K, committed 192960K, reserved 622592K
  class space    used 24996K, committed 26176K, reserved 425984K
}
Event: 20.358 GC heap before
{Heap before GC invocations=57 (full 0):
 garbage-first heap   total 438272K, used 327543K [0x0000000700000000, 0x0000000800000000)
  region size 2048K, 64 young (131072K), 3 survivors (6144K)
 Metaspace       used 195519K, committed 198080K, reserved 622592K
  class space    used 25753K, committed 27008K, reserved 425984K
}
Event: 20.367 GC heap after
{Heap after GC invocations=58 (full 0):
 garbage-first heap   total 438272K, used 214830K [0x0000000700000000, 0x0000000800000000)
  region size 2048K, 8 young (16384K), 8 survivors (16384K)
 Metaspace       used 195519K, committed 198080K, reserved 622592K
  class space    used 25753K, committed 27008K, reserved 425984K
}
Event: 21.548 GC heap before
{Heap before GC invocations=58 (full 0):
 garbage-first heap   total 438272K, used 378670K [0x0000000700000000, 0x0000000800000000)
  region size 2048K, 85 young (174080K), 8 survivors (16384K)
 Metaspace       used 202082K, committed 204544K, reserved 622592K
  class space    used 26611K, committed 27776K, reserved 425984K
}
Event: 21.562 GC heap after
{Heap after GC invocations=59 (full 0):
 garbage-first heap   total 438272K, used 190596K [0x0000000700000000, 0x0000000800000000)
  region size 2048K, 9 young (18432K), 9 survivors (18432K)
 Metaspace       used 202082K, committed 204544K, reserved 622592K
  class space    used 26611K, committed 27776K, reserved 425984K
}
Event: 22.664 GC heap before
{Heap before GC invocations=59 (full 0):
 garbage-first heap   total 438272K, used 370820K [0x0000000700000000, 0x0000000800000000)
  region size 2048K, 96 young (196608K), 9 survivors (18432K)
 Metaspace       used 211218K, committed 213760K, reserved 622592K
  class space    used 27880K, committed 29120K, reserved 425984K
}
Event: 22.675 GC heap after
{Heap after GC invocations=60 (full 0):
 garbage-first heap   total 438272K, used 200843K [0x0000000700000000, 0x0000000800000000)
  region size 2048K, 9 young (18432K), 9 survivors (18432K)
 Metaspace       used 211218K, committed 213760K, reserved 622592K
  class space    used 27880K, committed 29120K, reserved 425984K
}
Event: 23.134 GC heap before
{Heap before GC invocations=60 (full 0):
 garbage-first heap   total 438272K, used 381067K [0x0000000700000000, 0x0000000800000000)
  region size 2048K, 97 young (198656K), 9 survivors (18432K)
 Metaspace       used 211241K, committed 213824K, reserved 622592K
  class space    used 27882K, committed 29120K, reserved 425984K
}
Event: 23.143 GC heap after
{Heap after GC invocations=61 (full 0):
 garbage-first heap   total 438272K, used 201317K [0x0000000700000000, 0x0000000800000000)
  region size 2048K, 5 young (10240K), 5 survivors (10240K)
 Metaspace       used 211241K, committed 213824K, reserved 622592K
  class space    used 27882K, committed 29120K, reserved 425984K
}
Event: 24.064 GC heap before
{Heap before GC invocations=61 (full 0):
 garbage-first heap   total 438272K, used 350821K [0x0000000700000000, 0x0000000800000000)
  region size 2048K, 80 young (163840K), 5 survivors (10240K)
 Metaspace       used 216032K, committed 218624K, reserved 622592K
  class space    used 28327K, committed 29568K, reserved 425984K
}
Event: 24.071 GC heap after
{Heap after GC invocations=62 (full 0):
 garbage-first heap   total 438272K, used 204800K [0x0000000700000000, 0x0000000800000000)
  region size 2048K, 7 young (14336K), 7 survivors (14336K)
 Metaspace       used 216032K, committed 218624K, reserved 622592K
  class space    used 28327K, committed 29568K, reserved 425984K
}

