# JRE version: OpenJDK Runtime Environment (21.0.10) (build 21.0.10+-14961533-b1163.108)
# Java VM: OpenJDK 64-Bit Server VM (21.0.10+-14961533-b1163.108, mixed mode, tiered, compressed oops, compressed class ptrs, g1 gc, windows-amd64)
GC Precious Log:
 CardTable entry size: 512
 Card Set container configuration: InlinePtr #cards 4 size 8 Array Of Cards #cards 16 size 48 Howl #buckets 8 coarsen threshold 3686 Howl Bitmap #cards 512 size 80 coarsen threshold 460 Card regions per heap region 1 cards per card region 4096
 CPUs: 12 total, 12 available
 Memory: 7883M
 Large Page Support: Disabled
 NUMA Support: Disabled
 Compressed Oops: Enabled (Zero based)
 Heap Region Size: 2M
 Heap Min Capacity: 8M
 Heap Initial Capacity: 124M
 Heap Max Capacity: 4G
 Pre-touch: Disabled
 Parallel Workers: 10
 Concurrent Workers: 3
 Concurrent Refinement Workers: 10
 Periodic GC: Disabled
Heap:
 garbage-first heap   total 688128K, used 393216K [0x0000000700000000, 0x0000000800000000)
  region size 2048K, 11 young (22528K), 11 survivors (22528K)
 Metaspace       used 145127K, committed 147520K, reserved 557056K
  class space    used 21068K, committed 22208K, reserved 425984K
GC Heap History (20 events):
Event: 32.804 GC heap after
{Heap after GC invocations=59 (full 0):
 garbage-first heap   total 368640K, used 145071K [0x0000000700000000, 0x0000000800000000)
  region size 2048K, 9 young (18432K), 9 survivors (18432K)
 Metaspace       used 125319K, committed 127744K, reserved 557056K
  class space    used 17596K, committed 18752K, reserved 425984K
}
Event: 32.982 GC heap before
{Heap before GC invocations=60 (full 0):
 garbage-first heap   total 368640K, used 347823K [0x0000000700000000, 0x0000000800000000)
  region size 2048K, 108 young (221184K), 9 survivors (18432K)
 Metaspace       used 125532K, committed 128000K, reserved 557056K
  class space    used 17628K, committed 18816K, reserved 425984K
}
Event: 32.989 GC heap after
{Heap after GC invocations=61 (full 0):
 garbage-first heap   total 368640K, used 146064K [0x0000000700000000, 0x0000000800000000)
  region size 2048K, 8 young (16384K), 8 survivors (16384K)
 Metaspace       used 125532K, committed 128000K, reserved 557056K
  class space    used 17628K, committed 18816K, reserved 425984K
}
Event: 33.111 GC heap before
{Heap before GC invocations=61 (full 0):
 garbage-first heap   total 368640K, used 348816K [0x0000000700000000, 0x0000000800000000)
  region size 2048K, 107 young (219136K), 8 survivors (16384K)
 Metaspace       used 125533K, committed 128000K, reserved 557056K
  class space    used 17628K, committed 18816K, reserved 425984K
}
Event: 33.120 GC heap after
{Heap after GC invocations=62 (full 0):
 garbage-first heap   total 370688K, used 146810K [0x0000000700000000, 0x0000000800000000)
  region size 2048K, 8 young (16384K), 8 survivors (16384K)
 Metaspace       used 125533K, committed 128000K, reserved 557056K
  class space    used 17628K, committed 18816K, reserved 425984K
}
Event: 33.232 GC heap before
{Heap before GC invocations=62 (full 0):
 garbage-first heap   total 370688K, used 349562K [0x0000000700000000, 0x0000000800000000)
  region size 2048K, 107 young (219136K), 8 survivors (16384K)
 Metaspace       used 125533K, committed 128000K, reserved 557056K
  class space    used 17629K, committed 18816K, reserved 425984K
}
Event: 33.239 GC heap after
{Heap after GC invocations=63 (full 0):
 garbage-first heap   total 370688K, used 147098K [0x0000000700000000, 0x0000000800000000)
  region size 2048K, 9 young (18432K), 9 survivors (18432K)
 Metaspace       used 125533K, committed 128000K, reserved 557056K
  class space    used 17629K, committed 18816K, reserved 425984K
}
Event: 33.427 GC heap before
{Heap before GC invocations=64 (full 0):
 garbage-first heap   total 370688K, used 345754K [0x0000000700000000, 0x0000000800000000)
  region size 2048K, 107 young (219136K), 9 survivors (18432K)
 Metaspace       used 125592K, committed 128000K, reserved 557056K
  class space    used 17637K, committed 18816K, reserved 425984K
}
Event: 33.435 GC heap after
{Heap after GC invocations=65 (full 0):
 garbage-first heap   total 370688K, used 148080K [0x0000000700000000, 0x0000000800000000)
  region size 2048K, 9 young (18432K), 9 survivors (18432K)
 Metaspace       used 125592K, committed 128000K, reserved 557056K
  class space    used 17637K, committed 18816K, reserved 425984K
}
Event: 34.307 GC heap before
{Heap before GC invocations=65 (full 0):
 garbage-first heap   total 370688K, used 344688K [0x0000000700000000, 0x0000000800000000)
  region size 2048K, 106 young (217088K), 9 survivors (18432K)
 Metaspace       used 131617K, committed 134016K, reserved 557056K
  class space    used 18595K, committed 19776K, reserved 425984K
}
Event: 34.327 GC heap after
{Heap after GC invocations=66 (full 0):
 garbage-first heap   total 688128K, used 177842K [0x0000000700000000, 0x0000000800000000)
  region size 2048K, 14 young (28672K), 14 survivors (28672K)
 Metaspace       used 131617K, committed 134016K, reserved 557056K
  class space    used 18595K, committed 19776K, reserved 425984K
}
Event: 35.368 GC heap before
{Heap before GC invocations=66 (full 0):
 garbage-first heap   total 688128K, used 558770K [0x0000000700000000, 0x0000000800000000)
  region size 2048K, 201 young (411648K), 14 survivors (28672K)
 Metaspace       used 136070K, committed 138432K, reserved 557056K
  class space    used 19335K, committed 20480K, reserved 425984K
}
Event: 35.664 GC heap after
{Heap after GC invocations=67 (full 0):
 garbage-first heap   total 688128K, used 255933K [0x0000000700000000, 0x0000000800000000)
  region size 2048K, 26 young (53248K), 26 survivors (53248K)
 Metaspace       used 136070K, committed 138432K, reserved 557056K
  class space    used 19335K, committed 20480K, reserved 425984K
}
Event: 35.666 GC heap before
{Heap before GC invocations=67 (full 0):
 garbage-first heap   total 688128K, used 257981K [0x0000000700000000, 0x0000000800000000)
  region size 2048K, 27 young (55296K), 26 survivors (53248K)
 Metaspace       used 136070K, committed 138432K, reserved 557056K
  class space    used 19335K, committed 20480K, reserved 425984K
}
Event: 35.695 GC heap after
{Heap after GC invocations=68 (full 0):
 garbage-first heap   total 688128K, used 264192K [0x0000000700000000, 0x0000000800000000)
  region size 2048K, 3 young (6144K), 3 survivors (6144K)
 Metaspace       used 136070K, committed 138432K, reserved 557056K
  class space    used 19335K, committed 20480K, reserved 425984K
}
Event: 36.154 GC heap before
{Heap before GC invocations=68 (full 0):
 garbage-first heap   total 688128K, used 569344K [0x0000000700000000, 0x0000000800000000)
  region size 2048K, 153 young (313344K), 3 survivors (6144K)
 Metaspace       used 136415K, committed 138816K, reserved 557056K
  class space    used 19379K, committed 20544K, reserved 425984K
}
Event: 36.182 GC heap after
{Heap after GC invocations=69 (full 0):
 garbage-first heap   total 688128K, used 320444K [0x0000000700000000, 0x0000000800000000)
  region size 2048K, 20 young (40960K), 20 survivors (40960K)
 Metaspace       used 136415K, committed 138816K, reserved 557056K
  class space    used 19379K, committed 20544K, reserved 425984K
}
Event: 37.083 GC heap before
{Heap before GC invocations=69 (full 0):
 garbage-first heap   total 688128K, used 580540K [0x0000000700000000, 0x0000000800000000)
  region size 2048K, 148 young (303104K), 20 survivors (40960K)
 Metaspace       used 140449K, committed 142848K, reserved 557056K
  class space    used 20228K, committed 21376K, reserved 425984K
}
Event: 37.138 GC heap after
{Heap after GC invocations=70 (full 0):
 garbage-first heap   total 688128K, used 368091K [0x0000000700000000, 0x0000000800000000)
  region size 2048K, 19 young (38912K), 19 survivors (38912K)
 Metaspace       used 140449K, committed 142848K, reserved 557056K
  class space    used 20228K, committed 21376K, reserved 425984K
}
Event: 38.594 GC heap before
{Heap before GC invocations=70 (full 0):
 garbage-first heap   total 688128K, used 597467K [0x0000000700000000, 0x0000000800000000)
  region size 2048K, 132 young (270336K), 19 survivors (38912K)
 Metaspace       used 145127K, committed 147520K, reserved 557056K
  class space    used 21068K, committed 22208K, reserved 425984K
}

